(21-12-28 16:30:08.682) Parsing started…<br>
(21-12-28 16:30:08.688) Parsing: qwerty.coat<br>
(21-12-28 16:30:08.702) Coat file verification OK. Coat version: 1000 (line: 1) <br>
(21-12-28 16:30:08.703) Parsing of descriptor file has started. (line: 1) <br>
(21-12-28 16:30:08.711) Parsing: qwerty.coat<br>
(21-12-28 16:30:08.725) Coat file verification OK. Coat version: 1000 (line: 1) <br>
(21-12-28 16:30:08.727) Parsing of descriptor file has started. (line: 1) <br>
(21-12-28 16:30:08.737) Color of active meta-keys: fffa8072 (line: 3) <br>
(21-12-28 16:30:08.743) Color of locked meta-keys: ffdc143c (line: 4) <br>
(21-12-28 16:30:08.751) Parsing of descriptor file has finished. (line: 6) <br>
(21-12-28 16:30:08.787) [addlayout] default complex added. (line: 6) <br>
(21-12-28 16:30:08.793) Parsing: qwerty.coat<br>
(21-12-28 16:30:08.796) Coat file verification OK. Coat version: 1000 (line: 1) <br>
(21-12-28 16:30:08.797) Parsing of descriptor file has started. (line: 1) <br>
(21-12-28 16:30:08.814) [qwertybase] New layout added: Layout qwertybase - C:15/R:5/A:1 (line: 3) <br>
(21-12-28 16:30:08.815) [qwertybase] Board id is set to a layout: qwertybase (line: 3) <br>
(21-12-28 16:30:08.825) [button] default complex added. (line: 5) <br>
(21-12-28 16:30:08.830) Parsing: qwerty.coat<br>
(21-12-28 16:30:08.834) Coat file verification OK. Coat version: 1000 (line: 1) <br>
(21-12-28 16:30:08.835) Parsing of descriptor file has started. (line: 1) <br>
(21-12-28 16:30:09.212) [qwerty] label added: block:{-9223372036034192367[button]=[org.lattilad.bestboard.utils.KeyValuePair@f56bda2, org.lattilad.bestboard.utils.KeyValuePair@1cdd352, org.lattilad.bestboard.utils.KeyValuePair@ecdb502, org.lattilad.bestboard.utils.KeyValuePair@2162b2, org.lattilad.bestboard.utils.KeyValuePair@853dc62, org.lattilad.bestboard.utils.KeyValuePair@2b02212, org.lattilad.bestboard.utils.KeyValuePair@34133c2, org.lattilad.bestboard.utils.KeyValuePair@6d21172, org.lattilad.bestboard.utils.KeyValuePair@2edbb22, org.lattilad.bestboard.utils.KeyValuePair@5df30d2, org.lattilad.bestboard.utils.KeyValuePair@3a648ff, org.lattilad.bestboard.utils.KeyValuePair@7e96fef, org.lattilad.bestboard.utils.KeyValuePair@b7c32df, org.lattilad.bestboard.utils.KeyValuePair@f7d91cf, org.lattilad.bestboard.utils.KeyValuePair@acc8cbf, org.lattilad.bestboard.utils.KeyValuePair@a0823af, org.lattilad.bestboard.utils.KeyValuePair@f8f569f, org.lattilad.bestboard.utils.KeyValuePair@381258f, org.lattilad.bestboard.utils.KeyValuePair@3bc907f, org.lattilad.bestboard.utils.KeyValuePair@3e0976f, org.lattilad.bestboard.utils.KeyValuePair@694e468, org.lattilad.bestboard.utils.KeyValuePair@3fe3798, org.lattilad.bestboard.utils.KeyValuePair@9bab6c8, org.lattilad.bestboard.utils.KeyValuePair@8ed61f8, org.lattilad.bestboard.utils.KeyValuePair@1793928, org.lattilad.bestboard.utils.KeyValuePair@2013c58, org.lattilad.bestboard.utils.KeyValuePair@7e86b88, org.lattilad.bestboard.utils.KeyValuePair@f51c6b8]} (line: 32) <br>
(21-12-28 16:30:09.215) Parsing of descriptor file has finished. (line: 33) <br>
(21-12-28 16:30:09.232) ["button decides"] Button added: Layout qwertybase - C:15/R:5/A:1 (line: 9) <br>
(21-12-28 16:30:09.233) ["button decides"] Button added: Layout qwertybase - C:15/R:5/A:1 (line: 9) <br>
(21-12-28 16:30:09.234) ["button decides"] Button added: Layout qwertybase - C:15/R:5/A:1 (line: 9) <br>
(21-12-28 16:30:09.235) ["button decides"] Button added: Layout qwertybase - C:15/R:5/A:1 (line: 9) <br>
(21-12-28 16:30:09.236) ["button decides"] Button added: Layout qwertybase - C:15/R:5/A:1 (line: 9) <br>
(21-12-28 16:30:09.238) ["button decides"] Button added: Layout qwertybase - C:15/R:5/A:1 (line: 9) <br>
(21-12-28 16:30:09.240) ["button decides"] Button added: Layout qwertybase - C:15/R:5/A:1 (line: 9) <br>
(21-12-28 16:30:09.241) ["button decides"] Button added: Layout qwertybase - C:15/R:5/A:1 (line: 9) <br>
(21-12-28 16:30:09.242) ["button decides"] Button added: Layout qwertybase - C:15/R:5/A:1 (line: 9) <br>
(21-12-28 16:30:09.243) ["button decides"] Button added: Layout qwertybase - C:15/R:5/A:1 (line: 9) <br>
(21-12-28 16:30:09.245) ["button decides"] Button added: Layout qwertybase - C:15/R:5/A:1 (line: 9) <br>
(21-12-28 16:30:09.246) ["button decides"] Button added: Layout qwertybase - C:15/R:5/A:1 (line: 9) <br>
(21-12-28 16:30:09.248) ["button decides"] Button added: Layout qwertybase - C:15/R:5/A:1 (line: 9) <br>
(21-12-28 16:30:09.249) ["button decides"] Button added: Layout qwertybase - C:15/R:5/A:1 (line: 9) <br>
(21-12-28 16:30:09.251) ["button decides"] Button added: Layout qwertybase - C:15/R:5/A:1 (line: 9) <br>
(21-12-28 16:30:09.252) ["button decides"] Button added: Layout qwertybase - C:15/R:5/A:1 (line: 9) <br>
(21-12-28 16:30:09.253) ["button decides"] Button added: Layout qwertybase - C:15/R:5/A:1 (line: 9) <br>
(21-12-28 16:30:09.255) ["button decides"] Button added: Layout qwertybase - C:15/R:5/A:1 (line: 9) <br>
(21-12-28 16:30:09.257) ["button decides"] Button added: Layout qwertybase - C:15/R:5/A:1 (line: 9) <br>
(21-12-28 16:30:09.258) ["button decides"] Button added: Layout qwertybase - C:15/R:5/A:1 (line: 9) <br>
(21-12-28 16:30:09.259) ["button decides"] Button added: Layout qwertybase - C:15/R:5/A:1 (line: 9) <br>
(21-12-28 16:30:09.260) ["button decides"] Button added: Layout qwertybase - C:15/R:5/A:1 (line: 9) <br>
(21-12-28 16:30:09.262) ["button decides"] Button added: Layout qwertybase - C:15/R:5/A:1 (line: 9) <br>
(21-12-28 16:30:09.263) ["button decides"] Button added: Layout qwertybase - C:15/R:5/A:1 (line: 9) <br>
(21-12-28 16:30:09.264) ["button decides"] Button added: Layout qwertybase - C:15/R:5/A:1 (line: 9) <br>
(21-12-28 16:30:09.265) ["button decides"] Button added: Layout qwertybase - C:15/R:5/A:1 (line: 9) <br>
(21-12-28 16:30:09.306) [button] default complex added. (line: 15) <br>
(21-12-28 16:30:09.315) [extend] default complex added. (line: 16) <br>
(21-12-28 16:30:09.320) Parsing: qwerty.coat<br>
(21-12-28 16:30:09.324) Coat file verification OK. Coat version: 1000 (line: 1) <br>
(21-12-28 16:30:09.325) Parsing of descriptor file has started. (line: 1) <br>
(21-12-28 16:30:09.466) [num10] label added: block:{-9223372036034192367[button]=[org.lattilad.bestboard.utils.KeyValuePair@c40754e, org.lattilad.bestboard.utils.KeyValuePair@65acdfe, org.lattilad.bestboard.utils.KeyValuePair@7d4b2ae, org.lattilad.bestboard.utils.KeyValuePair@da9235e, org.lattilad.bestboard.utils.KeyValuePair@993200e, org.lattilad.bestboard.utils.KeyValuePair@20da8be, org.lattilad.bestboard.utils.KeyValuePair@253bd6e, org.lattilad.bestboard.utils.KeyValuePair@a605e1e, org.lattilad.bestboard.utils.KeyValuePair@eee8ace, org.lattilad.bestboard.utils.KeyValuePair@979437e]} (line: 14) <br>
(21-12-28 16:30:09.468) Parsing of descriptor file has finished. (line: 15) <br>
(21-12-28 16:30:09.654) ["button decides/2nd string "] Button added: Layout qwertybase - C:15/R:5/A:1 (line: 32) <br>
(21-12-28 16:30:09.655) ["button decides/2nd string "] Button added: Layout qwertybase - C:15/R:5/A:1 (line: 32) <br>
(21-12-28 16:30:09.656) ["button decides/2nd string "] Button added: Layout qwertybase - C:15/R:5/A:1 (line: 32) <br>
(21-12-28 16:30:09.657) ["button decides/2nd string "] Button added: Layout qwertybase - C:15/R:5/A:1 (line: 32) <br>
(21-12-28 16:30:09.658) ["button decides/2nd string "] Button added: Layout qwertybase - C:15/R:5/A:1 (line: 32) <br>
(21-12-28 16:30:09.659) ["button decides/2nd string "] Button added: Layout qwertybase - C:15/R:5/A:1 (line: 32) <br>
(21-12-28 16:30:09.660) ["button decides/2nd string "] Button added: Layout qwertybase - C:15/R:5/A:1 (line: 32) <br>
(21-12-28 16:30:09.660) ["button decides/2nd string "] Button added: Layout qwertybase - C:15/R:5/A:1 (line: 32) <br>
(21-12-28 16:30:09.661) ["button decides/2nd string "] Button added: Layout qwertybase - C:15/R:5/A:1 (line: 32) <br>
(21-12-28 16:30:09.662) ["button decides/2nd string "] Button added: Layout qwertybase - C:15/R:5/A:1 (line: 32) <br>
(21-12-28 16:30:09.663) [EXTEND] Secondary functions are activated on stay! (line: 32) <br>
(21-12-28 16:30:09.664) [EXTEND] Secondary functions are activated on stay! (line: 32) <br>
(21-12-28 16:30:09.665) [EXTEND] Secondary functions are activated on stay! (line: 32) <br>
(21-12-28 16:30:09.666) [EXTEND] Secondary functions are activated on stay! (line: 32) <br>
(21-12-28 16:30:09.667) [EXTEND] Secondary functions are activated on stay! (line: 32) <br>
(21-12-28 16:30:09.668) [EXTEND] Secondary functions are activated on stay! (line: 32) <br>
(21-12-28 16:30:09.668) [EXTEND] Secondary functions are activated on stay! (line: 32) <br>
(21-12-28 16:30:09.670) [EXTEND] Secondary functions are activated on stay! (line: 32) <br>
(21-12-28 16:30:09.671) [EXTEND] Secondary functions are activated on stay! (line: 32) <br>
(21-12-28 16:30:09.672) [EXTEND] Secondary functions are activated on stay! (line: 32) <br>
(21-12-28 16:30:09.949) ["button decides/2nd string "] Button added: Layout qwertybase - C:15/R:5/A:1 (line: 50) <br>
(21-12-28 16:30:09.950) ["button decides/2nd string "] Button added: Layout qwertybase - C:15/R:5/A:1 (line: 50) <br>
(21-12-28 16:30:09.951) ["button decides/2nd string "] Button added: Layout qwertybase - C:15/R:5/A:1 (line: 50) <br>
(21-12-28 16:30:09.952) ["button decides/2nd string "] Button added: Layout qwertybase - C:15/R:5/A:1 (line: 50) <br>
(21-12-28 16:30:09.953) ["button decides/2nd string "] Button added: Layout qwertybase - C:15/R:5/A:1 (line: 50) <br>
(21-12-28 16:30:09.953) ["button decides/2nd string "] Button added: Layout qwertybase - C:15/R:5/A:1 (line: 50) <br>
(21-12-28 16:30:09.954) ["button decides/2nd string "] Button added: Layout qwertybase - C:15/R:5/A:1 (line: 50) <br>
(21-12-28 16:30:09.955) ["button decides/2nd string "] Button added: Layout qwertybase - C:15/R:5/A:1 (line: 50) <br>
(21-12-28 16:30:09.956) ["button decides/2nd string "] Button added: Layout qwertybase - C:15/R:5/A:1 (line: 50) <br>
(21-12-28 16:30:09.957) ["button decides/2nd string "] Button added: Layout qwertybase - C:15/R:5/A:1 (line: 50) <br>
(21-12-28 16:30:09.958) ["button decides/2nd string "] Button added: Layout qwertybase - C:15/R:5/A:1 (line: 50) <br>
(21-12-28 16:30:09.965) Parsing: qwerty.coat<br>
(21-12-28 16:30:09.969) Coat file verification OK. Coat version: 1000 (line: 1) <br>
(21-12-28 16:30:09.970) Parsing of descriptor file has started. (line: 1) <br>
(21-12-28 16:30:09.997) [button] default complex added. (line: 3) <br>
(21-12-28 16:30:10.067) ["button decides"] Button added: Layout qwertybase - C:15/R:5/A:1 (line: 11) <br>
(21-12-28 16:30:10.068) ["button decides"] Button added: Layout qwertybase - C:15/R:5/A:1 (line: 11) <br>
(21-12-28 16:30:10.069) ["button decides"] Button added: Layout qwertybase - C:15/R:5/A:1 (line: 11) <br>
(21-12-28 16:30:10.070) ["button decides"] Button added: Layout qwertybase - C:15/R:5/A:1 (line: 11) <br>
(21-12-28 16:30:10.071) ["button decides"] Button added: Layout qwertybase - C:15/R:5/A:1 (line: 11) <br>
(21-12-28 16:30:10.072) ["button decides"] Button added: Layout qwertybase - C:15/R:5/A:1 (line: 11) <br>
(21-12-28 16:30:10.088) [addtitle] default complex added. (line: 13) <br>
(21-12-28 16:30:10.097) [button] default complex added. (line: 14) <br>
(21-12-28 16:30:10.106) [meta] default complex added. (line: 15) <br>
(21-12-28 16:30:10.134) [modify] default complex added. (line: 16) <br>
(21-12-28 16:30:10.211) ["button decides"] Button added: Layout qwertybase - C:15/R:5/A:1 (line: 25) <br>
(21-12-28 16:30:10.212) ["button decides"] Button added: Layout qwertybase - C:15/R:5/A:1 (line: 25) <br>
(21-12-28 16:30:10.213) ["button decides"] Button added: Layout qwertybase - C:15/R:5/A:1 (line: 25) <br>
(21-12-28 16:30:10.214) ["o↺ő"] Button added: Layout qwertybase - C:15/R:5/A:1 (line: 25) <br>
(21-12-28 16:30:10.327) [color] More values are available, the last one is used. (line: 35) <br>
(21-12-28 16:30:10.347) ["⇥"] Button added: Layout qwertybase - C:15/R:5/A:1 (line: 37) <br>
(21-12-28 16:30:10.348) ["CASE"] Button added: Layout qwertybase - C:15/R:5/A:1 (line: 37) <br>
(21-12-28 16:30:10.349) ["o↺ő"] Button added: Layout qwertybase - C:15/R:5/A:1 (line: 37) <br>
(21-12-28 16:30:10.350) ["button decides"] Button added: Layout qwertybase - C:15/R:5/A:1 (line: 37) <br>
(21-12-28 16:30:10.352) ["button decides"] Button added: Layout qwertybase - C:15/R:5/A:1 (line: 37) <br>
(21-12-28 16:30:10.353) ["button decides"] Button added: Layout qwertybase - C:15/R:5/A:1 (line: 37) <br>
(21-12-28 16:30:10.363) [single] default complex added. (line: 39) <br>
(21-12-28 16:30:10.373) [size] More values are available, the last one is used. (line: 40) <br>
(21-12-28 16:30:10.377) [color] More values are available, the last one is used. (line: 40) <br>
(21-12-28 16:30:10.386) [memory] default complex added. (line: 40) <br>
(21-12-28 16:30:10.442) [size] More values are available, the last one is used. (line: 46) <br>
(21-12-28 16:30:10.471) [size] More values are available, the last one is used. (line: 47) <br>
(21-12-28 16:30:10.484) ["button decides"] Button added: Layout qwertybase - C:15/R:5/A:1 (line: 48) <br>
(21-12-28 16:30:10.484) ["button decides"] Button added: Layout qwertybase - C:15/R:5/A:1 (line: 48) <br>
(21-12-28 16:30:10.485) ["button decides"] Button added: Layout qwertybase - C:15/R:5/A:1 (line: 48) <br>
(21-12-28 16:30:10.486) ["◀"] Button added: Layout qwertybase - C:15/R:5/A:1 (line: 48) <br>
(21-12-28 16:30:10.487) ["▶"] Button added: Layout qwertybase - C:15/R:5/A:1 (line: 48) <br>
(21-12-28 16:30:10.490) Parsing of descriptor file has finished. (line: 50) <br>
(21-12-28 16:30:10.491) Parsing of descriptor file has finished. (line: 53) <br>
(21-12-28 16:30:10.495) Parsing: qwerty.coat<br>
(21-12-28 16:30:10.499) Coat file verification OK. Coat version: 1000 (line: 1) <br>
(21-12-28 16:30:10.500) Parsing of descriptor file has started. (line: 1) <br>
(21-12-28 16:30:10.510) [qwertyspec] New layout added: Layout qwertyspec - C:15/R:5/A:1 (line: 3) <br>
(21-12-28 16:30:10.511) [qwertyspec] Board id is set to a layout: qwertyspec (line: 3) <br>
(21-12-28 16:30:10.519) [button] default complex added. (line: 5) <br>
(21-12-28 16:30:10.526) [addtitle] default complex added. (line: 6) <br>
(21-12-28 16:30:10.666) ["🙋"] Button added: Layout qwertyspec - C:15/R:5/A:1 (line: 14) <br>
(21-12-28 16:30:10.666) ["😊"] Button added: Layout qwertyspec - C:15/R:5/A:1 (line: 14) <br>
(21-12-28 16:30:10.667) ["😠"] Button added: Layout qwertyspec - C:15/R:5/A:1 (line: 14) <br>
(21-12-28 16:30:10.668) ["😉"] Button added: Layout qwertyspec - C:15/R:5/A:1 (line: 14) <br>
(21-12-28 16:30:10.669) ["😢"] Button added: Layout qwertyspec - C:15/R:5/A:1 (line: 14) <br>
(21-12-28 16:30:10.670) ["💕"] Button added: Layout qwertyspec - C:15/R:5/A:1 (line: 14) <br>
(21-12-28 16:30:10.680) [button] default complex added. (line: 16) <br>
(21-12-28 16:30:10.685) [addtitle] default complex added. (line: 17) <br>
(21-12-28 16:30:10.783) ["button decides"] Button added: Layout qwertyspec - C:15/R:5/A:1 (line: 27) <br>
(21-12-28 16:30:10.783) ["button decides"] Button added: Layout qwertyspec - C:15/R:5/A:1 (line: 27) <br>
(21-12-28 16:30:10.784) ["button decides"] Button added: Layout qwertyspec - C:15/R:5/A:1 (line: 27) <br>
(21-12-28 16:30:10.785) ["button decides"] Button added: Layout qwertyspec - C:15/R:5/A:1 (line: 27) <br>
(21-12-28 16:30:10.786) ["button decides"] Button added: Layout qwertyspec - C:15/R:5/A:1 (line: 27) <br>
(21-12-28 16:30:10.786) ["button decides"] Button added: Layout qwertyspec - C:15/R:5/A:1 (line: 27) <br>
(21-12-28 16:30:10.787) ["button decides"] Button added: Layout qwertyspec - C:15/R:5/A:1 (line: 27) <br>
(21-12-28 16:30:10.788) ["button decides"] Button added: Layout qwertyspec - C:15/R:5/A:1 (line: 27) <br>
(21-12-28 16:30:10.797) [button] default complex added. (line: 29) <br>
(21-12-28 16:30:10.804) [addtitle] default complex added. (line: 30) <br>
(21-12-28 16:30:10.927) ["button decides"] Button added: Layout qwertyspec - C:15/R:5/A:1 (line: 42) <br>
(21-12-28 16:30:10.928) ["button decides"] Button added: Layout qwertyspec - C:15/R:5/A:1 (line: 42) <br>
(21-12-28 16:30:10.929) ["button decides"] Button added: Layout qwertyspec - C:15/R:5/A:1 (line: 42) <br>
(21-12-28 16:30:10.930) ["button decides"] Button added: Layout qwertyspec - C:15/R:5/A:1 (line: 42) <br>
(21-12-28 16:30:10.931) ["button decides"] Button added: Layout qwertyspec - C:15/R:5/A:1 (line: 42) <br>
(21-12-28 16:30:10.931) ["button decides"] Button added: Layout qwertyspec - C:15/R:5/A:1 (line: 42) <br>
(21-12-28 16:30:10.932) ["button decides"] Button added: Layout qwertyspec - C:15/R:5/A:1 (line: 42) <br>
(21-12-28 16:30:10.933) ["button decides"] Button added: Layout qwertyspec - C:15/R:5/A:1 (line: 42) <br>
(21-12-28 16:30:10.934) ["button decides"] Button added: Layout qwertyspec - C:15/R:5/A:1 (line: 42) <br>
(21-12-28 16:30:10.935) ["button decides"] Button added: Layout qwertyspec - C:15/R:5/A:1 (line: 42) <br>
(21-12-28 16:30:11.090) ["button decides"] Button added: Layout qwertyspec - C:15/R:5/A:1 (line: 64) <br>
(21-12-28 16:30:11.091) ["button decides"] Button added: Layout qwertyspec - C:15/R:5/A:1 (line: 64) <br>
(21-12-28 16:30:11.092) ["button decides"] Button added: Layout qwertyspec - C:15/R:5/A:1 (line: 64) <br>
(21-12-28 16:30:11.093) ["button decides"] Button added: Layout qwertyspec - C:15/R:5/A:1 (line: 64) <br>
(21-12-28 16:30:11.094) ["button decides"] Button added: Layout qwertyspec - C:15/R:5/A:1 (line: 64) <br>
(21-12-28 16:30:11.095) ["button decides"] Button added: Layout qwertyspec - C:15/R:5/A:1 (line: 64) <br>
(21-12-28 16:30:11.095) ["button decides"] Button added: Layout qwertyspec - C:15/R:5/A:1 (line: 64) <br>
(21-12-28 16:30:11.096) ["button decides"] Button added: Layout qwertyspec - C:15/R:5/A:1 (line: 64) <br>
(21-12-28 16:30:11.097) ["button decides"] Button added: Layout qwertyspec - C:15/R:5/A:1 (line: 64) <br>
(21-12-28 16:30:11.098) ["button decides"] Button added: Layout qwertyspec - C:15/R:5/A:1 (line: 64) <br>
(21-12-28 16:30:11.099) ["button decides"] Button added: Layout qwertyspec - C:15/R:5/A:1 (line: 64) <br>
(21-12-28 16:30:11.106) [button] default complex added. (line: 66) <br>
(21-12-28 16:30:11.276) ["button decides"] Button added: Layout qwertyspec - C:15/R:5/A:1 (line: 85) <br>
(21-12-28 16:30:11.277) ["button decides"] Button added: Layout qwertyspec - C:15/R:5/A:1 (line: 85) <br>
(21-12-28 16:30:11.278) ["button decides"] Button added: Layout qwertyspec - C:15/R:5/A:1 (line: 85) <br>
(21-12-28 16:30:11.279) ["button decides"] Button added: Layout qwertyspec - C:15/R:5/A:1 (line: 85) <br>
(21-12-28 16:30:11.280) ["button decides"] Button added: Layout qwertyspec - C:15/R:5/A:1 (line: 85) <br>
(21-12-28 16:30:11.280) ["button decides"] Button added: Layout qwertyspec - C:15/R:5/A:1 (line: 85) <br>
(21-12-28 16:30:11.281) ["button decides"] Button added: Layout qwertyspec - C:15/R:5/A:1 (line: 85) <br>
(21-12-28 16:30:11.282) ["button decides"] Button added: Layout qwertyspec - C:15/R:5/A:1 (line: 85) <br>
(21-12-28 16:30:11.283) ["button decides"] Button added: Layout qwertyspec - C:15/R:5/A:1 (line: 85) <br>
(21-12-28 16:30:11.284) ["button decides"] Button added: Layout qwertyspec - C:15/R:5/A:1 (line: 85) <br>
(21-12-28 16:30:11.284) ["button decides"] Button added: Layout qwertyspec - C:15/R:5/A:1 (line: 85) <br>
(21-12-28 16:30:11.285) ["button decides"] Button added: Layout qwertyspec - C:15/R:5/A:1 (line: 85) <br>
(21-12-28 16:30:11.290) Parsing: qwerty.coat<br>
(21-12-28 16:30:11.292) Coat file verification OK. Coat version: 1000 (line: 1) <br>
(21-12-28 16:30:11.292) Parsing of descriptor file has started. (line: 1) <br>
(21-12-28 16:30:11.315) [button] default complex added. (line: 3) <br>
(21-12-28 16:30:11.376) ["button decides"] Button added: Layout qwertyspec - C:15/R:5/A:1 (line: 11) <br>
(21-12-28 16:30:11.377) ["button decides"] Button added: Layout qwertyspec - C:15/R:5/A:1 (line: 11) <br>
(21-12-28 16:30:11.377) ["button decides"] Button added: Layout qwertyspec - C:15/R:5/A:1 (line: 11) <br>
(21-12-28 16:30:11.378) ["button decides"] Button added: Layout qwertyspec - C:15/R:5/A:1 (line: 11) <br>
(21-12-28 16:30:11.379) ["button decides"] Button added: Layout qwertyspec - C:15/R:5/A:1 (line: 11) <br>
(21-12-28 16:30:11.380) ["button decides"] Button added: Layout qwertyspec - C:15/R:5/A:1 (line: 11) <br>
(21-12-28 16:30:11.393) [addtitle] default complex added. (line: 13) <br>
(21-12-28 16:30:11.401) [button] default complex added. (line: 14) <br>
(21-12-28 16:30:11.408) [meta] default complex added. (line: 15) <br>
(21-12-28 16:30:11.428) [modify] default complex added. (line: 16) <br>
(21-12-28 16:30:11.500) ["button decides"] Button added: Layout qwertyspec - C:15/R:5/A:1 (line: 25) <br>
(21-12-28 16:30:11.501) ["button decides"] Button added: Layout qwertyspec - C:15/R:5/A:1 (line: 25) <br>
(21-12-28 16:30:11.501) ["button decides"] Button added: Layout qwertyspec - C:15/R:5/A:1 (line: 25) <br>
(21-12-28 16:30:11.502) ["o↺ő"] Button added: Layout qwertyspec - C:15/R:5/A:1 (line: 25) <br>
(21-12-28 16:30:11.615) [color] More values are available, the last one is used. (line: 35) <br>
(21-12-28 16:30:11.633) ["⇥"] Button added: Layout qwertyspec - C:15/R:5/A:1 (line: 37) <br>
(21-12-28 16:30:11.634) ["CASE"] Button added: Layout qwertyspec - C:15/R:5/A:1 (line: 37) <br>
(21-12-28 16:30:11.635) ["o↺ő"] Button added: Layout qwertyspec - C:15/R:5/A:1 (line: 37) <br>
(21-12-28 16:30:11.636) ["button decides"] Button added: Layout qwertyspec - C:15/R:5/A:1 (line: 37) <br>
(21-12-28 16:30:11.636) ["button decides"] Button added: Layout qwertyspec - C:15/R:5/A:1 (line: 37) <br>
(21-12-28 16:30:11.637) ["button decides"] Button added: Layout qwertyspec - C:15/R:5/A:1 (line: 37) <br>
(21-12-28 16:30:11.645) [single] default complex added. (line: 39) <br>
(21-12-28 16:30:11.655) [size] More values are available, the last one is used. (line: 40) <br>
(21-12-28 16:30:11.658) [color] More values are available, the last one is used. (line: 40) <br>
(21-12-28 16:30:11.667) [memory] default complex added. (line: 40) <br>
(21-12-28 16:30:11.721) [size] More values are available, the last one is used. (line: 46) <br>
(21-12-28 16:30:11.749) [size] More values are available, the last one is used. (line: 47) <br>
(21-12-28 16:30:11.761) ["button decides"] Button added: Layout qwertyspec - C:15/R:5/A:1 (line: 48) <br>
(21-12-28 16:30:11.762) ["button decides"] Button added: Layout qwertyspec - C:15/R:5/A:1 (line: 48) <br>
(21-12-28 16:30:11.763) ["button decides"] Button added: Layout qwertyspec - C:15/R:5/A:1 (line: 48) <br>
(21-12-28 16:30:11.764) ["◀"] Button added: Layout qwertyspec - C:15/R:5/A:1 (line: 48) <br>
(21-12-28 16:30:11.765) ["▶"] Button added: Layout qwertyspec - C:15/R:5/A:1 (line: 48) <br>
(21-12-28 16:30:11.767) Parsing of descriptor file has finished. (line: 50) <br>
(21-12-28 16:30:11.770) Parsing of descriptor file has finished. (line: 89) <br>
(21-12-28 16:30:11.782) [block] default complex added. (line: 13) <br>
(21-12-28 16:30:11.803) [switch] default complex added. (line: 14) <br>
(21-12-28 16:30:11.820) ["á!#"] Button added: Layout qwertybase - C:15/R:5/A:1 (line: 15) <br>
(21-12-28 16:30:11.841) ["á!#"] Button added: Layout qwertyspec - C:15/R:5/A:1 (line: 16) <br>
(21-12-28 16:30:11.845) Parsing: qwerty.coat<br>
(21-12-28 16:30:11.849) Coat file verification OK. Coat version: 1000 (line: 1) <br>
(21-12-28 16:30:11.849) Parsing of descriptor file has started. (line: 1) <br>
(21-12-28 16:30:11.865) [charsacc] Modification data is added. (line: 44) <br>
(21-12-28 16:30:11.867) Parsing of descriptor file has finished. (line: 47) <br>
(21-12-28 16:30:11.870) Parsing of descriptor file has finished. (line: 20) <br>
